{"/Users/new/Documents/iair/rest_api_node_ts_server/src/router.ts": {"path":"/Users/new/Documents/iair/rest_api_node_ts_server/src/router.ts","statementMap":{"0":{"start":{"line":1,"column":0},"end":{"line":1,"column":33}},"1":{"start":{"line":2,"column":0},"end":{"line":2,"column":null}},"2":{"start":{"line":9,"column":0},"end":{"line":9,"column":48}},"3":{"start":{"line":10,"column":0},"end":{"line":10,"column":49}},"4":{"start":{"line":12,"column":15},"end":{"line":12,"column":23}},"5":{"start":{"line":14,"column":0},"end":{"line":14,"column":29}},"6":{"start":{"line":16,"column":0},"end":{"line":21,"column":2}},"7":{"start":{"line":23,"column":0},"end":{"line":34,"column":2}},"8":{"start":{"line":28,"column":23},"end":{"line":28,"column":49}},"9":{"start":{"line":36,"column":0},"end":{"line":47,"column":2}},"10":{"start":{"line":41,"column":23},"end":{"line":41,"column":49}},"11":{"start":{"line":49,"column":0},"end":{"line":54,"column":2}},"12":{"start":{"line":56,"column":0},"end":{"line":56,"column":22}}},"fnMap":{"0":{"name":"(anonymous_0)","decl":{"start":{"line":28,"column":12},"end":{"line":28,"column":13}},"loc":{"start":{"line":28,"column":23},"end":{"line":28,"column":49}}},"1":{"name":"(anonymous_1)","decl":{"start":{"line":41,"column":12},"end":{"line":41,"column":13}},"loc":{"start":{"line":41,"column":23},"end":{"line":41,"column":49}}}},"branchMap":{"0":{"loc":{"start":{"line":28,"column":23},"end":{"line":28,"column":49}},"type":"binary-expr","locations":[{"start":{"line":28,"column":23},"end":{"line":28,"column":32}},{"start":{"line":28,"column":36},"end":{"line":28,"column":49}}]},"1":{"loc":{"start":{"line":41,"column":23},"end":{"line":41,"column":49}},"type":"binary-expr","locations":[{"start":{"line":41,"column":23},"end":{"line":41,"column":32}},{"start":{"line":41,"column":36},"end":{"line":41,"column":49}}]}},"s":{"0":1,"1":1,"2":1,"3":1,"4":1,"5":1,"6":1,"7":1,"8":4,"9":1,"10":5,"11":1,"12":1},"f":{"0":4,"1":5},"b":{"0":[4,3],"1":[5,2]}}
,"/Users/new/Documents/iair/rest_api_node_ts_server/src/server.ts": {"path":"/Users/new/Documents/iair/rest_api_node_ts_server/src/server.ts","statementMap":{"0":{"start":{"line":1,"column":0},"end":{"line":1,"column":30}},"1":{"start":{"line":2,"column":0},"end":{"line":2,"column":30}},"2":{"start":{"line":3,"column":0},"end":{"line":3,"column":29}},"3":{"start":{"line":4,"column":0},"end":{"line":4,"column":28}},"4":{"start":{"line":7,"column":2},"end":{"line":14,"column":3}},"5":{"start":{"line":8,"column":4},"end":{"line":8,"column":28}},"6":{"start":{"line":9,"column":4},"end":{"line":9,"column":14}},"7":{"start":{"line":11,"column":4},"end":{"line":11,"column":70}},"8":{"start":{"line":13,"column":4},"end":{"line":13,"column":71}},"9":{"start":{"line":17,"column":0},"end":{"line":17,"column":12}},"10":{"start":{"line":19,"column":15},"end":{"line":19,"column":24}},"11":{"start":{"line":21,"column":0},"end":{"line":21,"column":27}},"12":{"start":{"line":23,"column":0},"end":{"line":23,"column":36}},"13":{"start":{"line":24,"column":0},"end":{"line":26,"column":null}},"14":{"start":{"line":25,"column":2},"end":{"line":25,"column":null}},"15":{"start":{"line":28,"column":0},"end":{"line":28,"column":22}}},"fnMap":{"0":{"name":"connectDB","decl":{"start":{"line":6,"column":15},"end":{"line":6,"column":24}},"loc":{"start":{"line":6,"column":24},"end":{"line":15,"column":1}}},"1":{"name":"(anonymous_2)","decl":{"start":{"line":24,"column":18},"end":{"line":24,"column":19}},"loc":{"start":{"line":24,"column":29},"end":{"line":26,"column":1}}}},"branchMap":{},"s":{"0":1,"1":1,"2":1,"3":1,"4":1,"5":1,"6":1,"7":1,"8":0,"9":1,"10":1,"11":1,"12":1,"13":1,"14":0,"15":1},"f":{"0":1,"1":0},"b":{}}
,"/Users/new/Documents/iair/rest_api_node_ts_server/src/config/db.ts": {"path":"/Users/new/Documents/iair/rest_api_node_ts_server/src/config/db.ts","statementMap":{"0":{"start":{"line":1,"column":0},"end":{"line":1,"column":49}},"1":{"start":{"line":2,"column":0},"end":{"line":2,"column":28}},"2":{"start":{"line":3,"column":0},"end":{"line":3,"column":45}},"3":{"start":{"line":5,"column":0},"end":{"line":5,"column":16}},"4":{"start":{"line":7,"column":11},"end":{"line":10,"column":2}},"5":{"start":{"line":13,"column":0},"end":{"line":13,"column":18}}},"fnMap":{},"branchMap":{},"s":{"0":1,"1":1,"2":1,"3":1,"4":1,"5":1},"f":{},"b":{}}
,"/Users/new/Documents/iair/rest_api_node_ts_server/src/handlers/product.ts": {"path":"/Users/new/Documents/iair/rest_api_node_ts_server/src/handlers/product.ts","statementMap":{"0":{"start":{"line":2,"column":0},"end":{"line":2,"column":45}},"1":{"start":{"line":4,"column":29},"end":{"line":13,"column":1}},"2":{"start":{"line":5,"column":2},"end":{"line":5,"column":24}},"3":{"start":{"line":6,"column":2},"end":{"line":12,"column":3}},"4":{"start":{"line":7,"column":20},"end":{"line":7,"column":50}},"5":{"start":{"line":9,"column":4},"end":{"line":9,"column":32}},"6":{"start":{"line":11,"column":4},"end":{"line":11,"column":21}},"7":{"start":{"line":4,"column":13},"end":{"line":4,"column":29}},"8":{"start":{"line":15,"column":27},"end":{"line":27,"column":1}},"9":{"start":{"line":16,"column":2},"end":{"line":16,"column":24}},"10":{"start":{"line":17,"column":2},"end":{"line":26,"column":3}},"11":{"start":{"line":18,"column":20},"end":{"line":21,"column":6}},"12":{"start":{"line":23,"column":4},"end":{"line":23,"column":32}},"13":{"start":{"line":25,"column":4},"end":{"line":25,"column":21}},"14":{"start":{"line":15,"column":13},"end":{"line":15,"column":27}},"15":{"start":{"line":29,"column":30},"end":{"line":44,"column":1}},"16":{"start":{"line":30,"column":2},"end":{"line":30,"column":24}},"17":{"start":{"line":31,"column":2},"end":{"line":43,"column":3}},"18":{"start":{"line":32,"column":19},"end":{"line":32,"column":29}},"19":{"start":{"line":33,"column":20},"end":{"line":33,"column":46}},"20":{"start":{"line":35,"column":4},"end":{"line":39,"column":5}},"21":{"start":{"line":36,"column":6},"end":{"line":38,"column":9}},"22":{"start":{"line":40,"column":4},"end":{"line":40,"column":32}},"23":{"start":{"line":42,"column":4},"end":{"line":42,"column":21}},"24":{"start":{"line":29,"column":13},"end":{"line":29,"column":30}},"25":{"start":{"line":49,"column":29},"end":{"line":69,"column":1}},"26":{"start":{"line":50,"column":2},"end":{"line":50,"column":24}},"27":{"start":{"line":51,"column":2},"end":{"line":68,"column":3}},"28":{"start":{"line":52,"column":19},"end":{"line":52,"column":29}},"29":{"start":{"line":53,"column":20},"end":{"line":53,"column":46}},"30":{"start":{"line":55,"column":4},"end":{"line":59,"column":5}},"31":{"start":{"line":56,"column":6},"end":{"line":58,"column":9}},"32":{"start":{"line":61,"column":4},"end":{"line":61,"column":35}},"33":{"start":{"line":63,"column":4},"end":{"line":63,"column":19}},"34":{"start":{"line":65,"column":4},"end":{"line":65,"column":32}},"35":{"start":{"line":67,"column":4},"end":{"line":67,"column":21}},"36":{"start":{"line":49,"column":13},"end":{"line":49,"column":29}},"37":{"start":{"line":72,"column":34},"end":{"line":92,"column":1}},"38":{"start":{"line":73,"column":2},"end":{"line":73,"column":24}},"39":{"start":{"line":74,"column":2},"end":{"line":91,"column":3}},"40":{"start":{"line":75,"column":19},"end":{"line":75,"column":29}},"41":{"start":{"line":76,"column":20},"end":{"line":76,"column":46}},"42":{"start":{"line":78,"column":4},"end":{"line":82,"column":5}},"43":{"start":{"line":79,"column":6},"end":{"line":81,"column":9}},"44":{"start":{"line":84,"column":4},"end":{"line":84,"column":60}},"45":{"start":{"line":86,"column":4},"end":{"line":86,"column":19}},"46":{"start":{"line":88,"column":4},"end":{"line":88,"column":32}},"47":{"start":{"line":90,"column":4},"end":{"line":90,"column":21}},"48":{"start":{"line":72,"column":13},"end":{"line":72,"column":34}},"49":{"start":{"line":94,"column":29},"end":{"line":111,"column":1}},"50":{"start":{"line":95,"column":2},"end":{"line":95,"column":24}},"51":{"start":{"line":96,"column":2},"end":{"line":110,"column":3}},"52":{"start":{"line":97,"column":19},"end":{"line":97,"column":29}},"53":{"start":{"line":98,"column":20},"end":{"line":98,"column":46}},"54":{"start":{"line":100,"column":4},"end":{"line":104,"column":5}},"55":{"start":{"line":101,"column":6},"end":{"line":103,"column":9}},"56":{"start":{"line":105,"column":4},"end":{"line":105,"column":28}},"57":{"start":{"line":107,"column":4},"end":{"line":107,"column":55}},"58":{"start":{"line":109,"column":4},"end":{"line":109,"column":21}},"59":{"start":{"line":94,"column":13},"end":{"line":94,"column":29}}},"fnMap":{"0":{"name":"(anonymous_1)","decl":{"start":{"line":4,"column":29},"end":{"line":4,"column":34}},"loc":{"start":{"line":4,"column":67},"end":{"line":13,"column":1}}},"1":{"name":"(anonymous_2)","decl":{"start":{"line":15,"column":27},"end":{"line":15,"column":32}},"loc":{"start":{"line":15,"column":65},"end":{"line":27,"column":1}}},"2":{"name":"(anonymous_3)","decl":{"start":{"line":29,"column":30},"end":{"line":29,"column":35}},"loc":{"start":{"line":29,"column":68},"end":{"line":44,"column":1}}},"3":{"name":"(anonymous_4)","decl":{"start":{"line":49,"column":29},"end":{"line":49,"column":34}},"loc":{"start":{"line":49,"column":67},"end":{"line":69,"column":1}}},"4":{"name":"(anonymous_5)","decl":{"start":{"line":72,"column":34},"end":{"line":72,"column":39}},"loc":{"start":{"line":72,"column":72},"end":{"line":92,"column":1}}},"5":{"name":"(anonymous_6)","decl":{"start":{"line":94,"column":29},"end":{"line":94,"column":34}},"loc":{"start":{"line":94,"column":67},"end":{"line":111,"column":1}}}},"branchMap":{"0":{"loc":{"start":{"line":35,"column":4},"end":{"line":39,"column":5}},"type":"if","locations":[{"start":{"line":35,"column":4},"end":{"line":39,"column":5}}]},"1":{"loc":{"start":{"line":55,"column":4},"end":{"line":59,"column":5}},"type":"if","locations":[{"start":{"line":55,"column":4},"end":{"line":59,"column":5}}]},"2":{"loc":{"start":{"line":78,"column":4},"end":{"line":82,"column":5}},"type":"if","locations":[{"start":{"line":78,"column":4},"end":{"line":82,"column":5}}]},"3":{"loc":{"start":{"line":100,"column":4},"end":{"line":104,"column":5}},"type":"if","locations":[{"start":{"line":100,"column":4},"end":{"line":104,"column":5}}]}},"s":{"0":1,"1":1,"2":1,"3":1,"4":1,"5":1,"6":0,"7":1,"8":1,"9":2,"10":2,"11":2,"12":2,"13":0,"14":1,"15":1,"16":2,"17":2,"18":2,"19":2,"20":2,"21":1,"22":1,"23":0,"24":1,"25":1,"26":2,"27":2,"28":2,"29":2,"30":2,"31":1,"32":1,"33":1,"34":1,"35":0,"36":1,"37":1,"38":0,"39":0,"40":0,"41":0,"42":0,"43":0,"44":0,"45":0,"46":0,"47":0,"48":1,"49":1,"50":2,"51":2,"52":2,"53":2,"54":2,"55":1,"56":1,"57":1,"58":0,"59":1},"f":{"0":1,"1":2,"2":2,"3":2,"4":0,"5":2},"b":{"0":[1],"1":[1],"2":[0],"3":[1]}}
,"/Users/new/Documents/iair/rest_api_node_ts_server/src/middleware/index.ts": {"path":"/Users/new/Documents/iair/rest_api_node_ts_server/src/middleware/index.ts","statementMap":{"0":{"start":{"line":2,"column":0},"end":{"line":2,"column":53}},"1":{"start":{"line":4,"column":33},"end":{"line":10,"column":1}},"2":{"start":{"line":5,"column":15},"end":{"line":5,"column":36}},"3":{"start":{"line":6,"column":2},"end":{"line":8,"column":3}},"4":{"start":{"line":7,"column":4},"end":{"line":7,"column":60}},"5":{"start":{"line":9,"column":2},"end":{"line":9,"column":9}},"6":{"start":{"line":4,"column":13},"end":{"line":4,"column":33}}},"fnMap":{"0":{"name":"(anonymous_0)","decl":{"start":{"line":4,"column":33},"end":{"line":4,"column":34}},"loc":{"start":{"line":4,"column":71},"end":{"line":10,"column":1}}}},"branchMap":{"0":{"loc":{"start":{"line":6,"column":2},"end":{"line":8,"column":3}},"type":"if","locations":[{"start":{"line":6,"column":2},"end":{"line":8,"column":3}}]}},"s":{"0":1,"1":1,"2":15,"3":15,"4":8,"5":7,"6":1},"f":{"0":15},"b":{"0":[8]}}
,"/Users/new/Documents/iair/rest_api_node_ts_server/src/model/Product.model.ts": {"path":"/Users/new/Documents/iair/rest_api_node_ts_server/src/model/Product.model.ts","statementMap":{"0":{"start":{"line":1,"column":0},"end":{"line":1,"column":69}},"1":{"start":{"line":6,"column":0},"end":{"line":17,"column":null}},"2":{"start":{"line":8,"column":2},"end":{"line":8,"column":null}},"3":{"start":{"line":11,"column":2},"end":{"line":11,"column":null}},"4":{"start":{"line":16,"column":2},"end":{"line":16,"column":null}},"5":{"start":{"line":6,"column":6},"end":{"line":17,"column":null}},"6":{"start":{"line":20,"column":0},"end":{"line":20,"column":23}}},"fnMap":{},"branchMap":{},"s":{"0":1,"1":1,"2":1,"3":1,"4":1,"5":1,"6":1},"f":{},"b":{}}
}
