TN:
SF:src/router.ts
FN:28,(anonymous_0)
FN:41,(anonymous_1)
FNF:2
FNH:2
FNDA:4,(anonymous_0)
FNDA:5,(anonymous_1)
DA:1,1
DA:2,1
DA:9,1
DA:10,1
DA:12,1
DA:14,1
DA:16,1
DA:23,1
DA:28,4
DA:36,1
DA:41,5
DA:49,1
DA:56,1
LF:13
LH:13
BRDA:28,0,0,4
BRDA:28,0,1,3
BRDA:41,1,0,5
BRDA:41,1,1,2
BRF:4
BRH:4
end_of_record
TN:
SF:src/server.ts
FN:6,connectDB
FN:24,(anonymous_2)
FNF:2
FNH:1
FNDA:1,connectDB
FNDA:0,(anonymous_2)
DA:1,1
DA:2,1
DA:3,1
DA:4,1
DA:7,1
DA:8,1
DA:9,1
DA:11,1
DA:13,0
DA:17,1
DA:19,1
DA:21,1
DA:23,1
DA:24,1
DA:25,0
DA:28,1
LF:16
LH:14
BRF:0
BRH:0
end_of_record
TN:
SF:src/config/db.ts
FNF:0
FNH:0
DA:1,1
DA:2,1
DA:3,1
DA:5,1
DA:7,1
DA:13,1
LF:6
LH:6
BRF:0
BRH:0
end_of_record
TN:
SF:src/handlers/product.ts
FN:4,(anonymous_1)
FN:15,(anonymous_2)
FN:29,(anonymous_3)
FN:49,(anonymous_4)
FN:72,(anonymous_5)
FN:94,(anonymous_6)
FNF:6
FNH:5
FNDA:1,(anonymous_1)
FNDA:2,(anonymous_2)
FNDA:2,(anonymous_3)
FNDA:2,(anonymous_4)
FNDA:0,(anonymous_5)
FNDA:2,(anonymous_6)
DA:2,1
DA:4,1
DA:5,1
DA:6,1
DA:7,1
DA:9,1
DA:11,0
DA:15,1
DA:16,2
DA:17,2
DA:18,2
DA:23,2
DA:25,0
DA:29,1
DA:30,2
DA:31,2
DA:32,2
DA:33,2
DA:35,2
DA:36,1
DA:40,1
DA:42,0
DA:49,1
DA:50,2
DA:51,2
DA:52,2
DA:53,2
DA:55,2
DA:56,1
DA:61,1
DA:63,1
DA:65,1
DA:67,0
DA:72,1
DA:73,0
DA:74,0
DA:75,0
DA:76,0
DA:78,0
DA:79,0
DA:84,0
DA:86,0
DA:88,0
DA:90,0
DA:94,1
DA:95,2
DA:96,2
DA:97,2
DA:98,2
DA:100,2
DA:101,1
DA:105,1
DA:107,1
DA:109,0
LF:54
LH:39
BRDA:35,0,0,1
BRDA:55,1,0,1
BRDA:78,2,0,0
BRDA:100,3,0,1
BRF:4
BRH:3
end_of_record
TN:
SF:src/middleware/index.ts
FN:4,(anonymous_0)
FNF:1
FNH:1
FNDA:15,(anonymous_0)
DA:2,1
DA:4,1
DA:5,15
DA:6,15
DA:7,8
DA:9,7
LF:6
LH:6
BRDA:6,0,0,8
BRF:1
BRH:1
end_of_record
TN:
SF:src/model/Product.model.ts
FNF:0
FNH:0
DA:1,1
DA:6,1
DA:8,1
DA:11,1
DA:16,1
DA:20,1
LF:6
LH:6
BRF:0
BRH:0
end_of_record
